<?xml version="1.0" encoding="UTF-8"?>
<testsuite xmlns:xsi="http://www.w3.org/2001/XMLSchema-instance" xsi:noNamespaceSchemaLocation="https://maven.apache.org/surefire/maven-surefire-plugin/xsd/surefire-test-report.xsd" version="3.0.2" name="com.krishimarg.backend.LogisticsServiceTest" time="0.596" tests="10" errors="0" skipped="0" failures="0" flakes="0">
  <properties>
[...]
</properties>
  <testcase name="testGetAvailableRoutes" classname="com.krishimarg.backend.LogisticsServiceTest" time="0.496"/>
  <testcase name="testCompleteRoute_InvalidState" classname="com.krishimarg.backend.LogisticsServiceTest" time="0.015">
    <system-out><![CDATA[2026-08-29T16:28:44.139+05:30  WARN 17436 --- [krishimarg-backend] [           main] c.k.b.l.services.LogisticsService        : Route route_101 cannot be completed from status PENDING_DRIVER
]]></system-out>
  </testcase>
  <testcase name="testAcceptRoute_NotFound" classname="com.krishimarg.backend.LogisticsServiceTest" time="0.008"/>
  <testcase name="testAcceptRoute_Success" classname="com.krishimarg.backend.LogisticsServiceTest" time="0.007">
    <system-out><![CDATA[2026-08-29T16:28:44.161+05:30  INFO 17436 --- [krishimarg-backend] [           main] c.k.b.l.services.LogisticsService        : Driver accepted route: Driver=d_801, Route=route_101
]]></system-out>
  </testcase>
  <testcase name="testAcceptRoute_ConflictAlreadyAccepted" classname="com.krishimarg.backend.LogisticsServiceTest" time="0.012">
    <system-out><![CDATA[2026-08-29T16:28:44.170+05:30  WARN 17436 --- [krishimarg-backend] [           main] c.k.b.l.services.LogisticsService        : Route route_101 is already accepted by another driver: d_801
]]></system-out>
  </testcase>
  <testcase name="testCompleteRoute_UnauthorizedDriver" classname="com.krishimarg.backend.LogisticsServiceTest" time="0.004">
    <system-out><![CDATA[2026-08-29T16:28:44.179+05:30  WARN 17436 --- [krishimarg-backend] [           main] c.k.b.l.services.LogisticsService        : Unauthorized attempt to complete route route_101: Driver d_999, Assigned d_801
]]></system-out>
  </testcase>
  <testcase name="testCompleteRoute_Success" classname="com.krishimarg.backend.LogisticsServiceTest" time="0.009">
    <system-out><![CDATA[2026-08-29T16:28:44.186+05:30  INFO 17436 --- [krishimarg-backend] [           main] c.k.b.l.services.LogisticsService        : Driver completed route: Driver=d_801, Route=route_101
2026-08-29T16:28:44.186+05:30  INFO 17436 --- [krishimarg-backend] [           main] c.k.b.l.services.LogisticsService        : Updated 1 orders to DELIVERED for Route route_101
2026-08-29T16:28:44.187+05:30  INFO 17436 --- [krishimarg-backend] [           main] c.k.b.l.services.LogisticsService        : Mock escrow released: Released ₹9250 to farmers and ₹587.50 to driver d_801
]]></system-out>
  </testcase>
  <testcase name="testOptimizePendingRoutes_Success" classname="com.krishimarg.backend.LogisticsServiceTest" time="0.025">
    <system-out><![CDATA[2026-08-29T16:28:44.203+05:30  INFO 17436 --- [krishimarg-backend] [           main] c.k.b.l.services.LogisticsService        : Number of PENDING_ROUTE orders found: 1
2026-08-29T16:28:44.206+05:30  INFO 17436 --- [krishimarg-backend] [           main] c.k.b.l.services.LogisticsService        : Sending route optimization request to Python OR-Tools at: http://localhost:8000/api/v1/optimize-route
2026-08-29T16:28:44.208+05:30  INFO 17436 --- [krishimarg-backend] [           main] c.k.b.l.services.LogisticsService        : Python optimization success: totalDistance=42.6 km, stops=2
2026-08-29T16:28:44.213+05:30  INFO 17436 --- [krishimarg-backend] [           main] c.k.b.l.services.LogisticsService        : Route saved: ID=route_999, status=PENDING_DRIVER, distance=42.6km, payout=₹1265.000
2026-08-29T16:28:44.214+05:30  INFO 17436 --- [krishimarg-backend] [           main] c.k.b.l.services.LogisticsService        : Updated 1 orders to ROUTE_ASSIGNED (Route ID: route_999)
]]></system-out>
  </testcase>
  <testcase name="testOptimizePendingRoutes_PythonUnavailable" classname="com.krishimarg.backend.LogisticsServiceTest" time="0.005">
    <system-out><![CDATA[2026-08-29T16:28:44.219+05:30  INFO 17436 --- [krishimarg-backend] [           main] c.k.b.l.services.LogisticsService        : Number of PENDING_ROUTE orders found: 1
2026-08-29T16:28:44.220+05:30  INFO 17436 --- [krishimarg-backend] [           main] c.k.b.l.services.LogisticsService        : Sending route optimization request to Python OR-Tools at: http://localhost:8000/api/v1/optimize-route
2026-08-29T16:28:44.220+05:30 ERROR 17436 --- [krishimarg-backend] [           main] c.k.b.l.services.LogisticsService        : Python optimization failure (connection/timeout): Connection refused: connect
]]></system-out>
  </testcase>
  <testcase name="testOptimizePendingRoutes_EmptyList" classname="com.krishimarg.backend.LogisticsServiceTest" time="0.005">
    <system-out><![CDATA[2026-08-29T16:28:44.226+05:30  INFO 17436 --- [krishimarg-backend] [           main] c.k.b.l.services.LogisticsService        : Number of PENDING_ROUTE orders found: 0
2026-08-29T16:28:44.226+05:30  INFO 17436 --- [krishimarg-backend] [           main] c.k.b.l.services.LogisticsService        : No orders pending for route optimization
]]></system-out>
  </testcase>
</testsuite>