<?xml version="1.0" encoding="UTF-8"?>
<testsuite xmlns:xsi="http://www.w3.org/2001/XMLSchema-instance" xsi:noNamespaceSchemaLocation="https://maven.apache.org/surefire/maven-surefire-plugin/xsd/surefire-test-report.xsd" version="3.0.2" name="com.krishimarg.backend.LogisticsAndDriverControllerTest" time="1.1" tests="9" errors="0" skipped="0" failures="0" flakes="0">
  <properties>
[...]
</properties>
  <testcase name="testRouteNotFound" classname="com.krishimarg.backend.LogisticsAndDriverControllerTest" time="0.643">
    <system-out><![CDATA[2026-08-29T15:17:57.293+05:30  INFO 9564 --- [krishimarg-backend] [           main] o.s.mock.web.MockServletContext          : Initializing Spring TestDispatcherServlet ''
2026-08-29T15:17:57.294+05:30  INFO 9564 --- [krishimarg-backend] [           main] o.s.t.web.servlet.TestDispatcherServlet  : Initializing Servlet ''
2026-08-29T15:17:57.297+05:30  INFO 9564 --- [krishimarg-backend] [           main] o.s.t.web.servlet.TestDispatcherServlet  : Completed initialization in 1 ms
2026-08-29T15:17:57.529+05:30  INFO 9564 --- [krishimarg-backend] [           main] c.k.b.l.controllers.DriverController     : Driver d_801 attempting to accept route missing_route
2026-08-29T15:17:57.541+05:30  WARN 9564 --- [krishimarg-backend] [           main] c.k.b.c.e.GlobalExceptionHandler         : Route not found: Route not found with ID: missing_route
]]></system-out>
  </testcase>
  <testcase name="testAcceptRouteApi_Success" classname="com.krishimarg.backend.LogisticsAndDriverControllerTest" time="0.184">
    <system-out><![CDATA[2026-08-29T15:17:57.675+05:30  INFO 9564 --- [krishimarg-backend] [           main] o.s.mock.web.MockServletContext          : Initializing Spring TestDispatcherServlet ''
2026-08-29T15:17:57.675+05:30  INFO 9564 --- [krishimarg-backend] [           main] o.s.t.web.servlet.TestDispatcherServlet  : Initializing Servlet ''
2026-08-29T15:17:57.676+05:30  INFO 9564 --- [krishimarg-backend] [           main] o.s.t.web.servlet.TestDispatcherServlet  : Completed initialization in 0 ms
2026-08-29T15:17:57.806+05:30  INFO 9564 --- [krishimarg-backend] [           main] c.k.b.l.controllers.DriverController     : Driver d_801 attempting to accept route route_101
]]></system-out>
  </testcase>
  <testcase name="testCompleteRouteApi_Success" classname="com.krishimarg.backend.LogisticsAndDriverControllerTest" time="0.035">
    <system-out><![CDATA[2026-08-29T15:17:57.864+05:30  INFO 9564 --- [krishimarg-backend] [           main] o.s.mock.web.MockServletContext          : Initializing Spring TestDispatcherServlet ''
2026-08-29T15:17:57.865+05:30  INFO 9564 --- [krishimarg-backend] [           main] o.s.t.web.servlet.TestDispatcherServlet  : Initializing Servlet ''
2026-08-29T15:17:57.865+05:30  INFO 9564 --- [krishimarg-backend] [           main] o.s.t.web.servlet.TestDispatcherServlet  : Completed initialization in 0 ms
2026-08-29T15:17:57.879+05:30  INFO 9564 --- [krishimarg-backend] [           main] c.k.b.l.controllers.DriverController     : Attempting to complete route route_101 by driver d_801
]]></system-out>
  </testcase>
  <testcase name="testAcceptRouteApi_Conflict" classname="com.krishimarg.backend.LogisticsAndDriverControllerTest" time="0.035">
    <system-out><![CDATA[2026-08-29T15:17:57.904+05:30  INFO 9564 --- [krishimarg-backend] [           main] o.s.mock.web.MockServletContext          : Initializing Spring TestDispatcherServlet ''
2026-08-29T15:17:57.905+05:30  INFO 9564 --- [krishimarg-backend] [           main] o.s.t.web.servlet.TestDispatcherServlet  : Initializing Servlet ''
2026-08-29T15:17:57.906+05:30  INFO 9564 --- [krishimarg-backend] [           main] o.s.t.web.servlet.TestDispatcherServlet  : Completed initialization in 1 ms
2026-08-29T15:17:57.913+05:30  INFO 9564 --- [krishimarg-backend] [           main] c.k.b.l.controllers.DriverController     : Driver d_902 attempting to accept route route_101
2026-08-29T15:17:57.916+05:30  WARN 9564 --- [krishimarg-backend] [           main] c.k.b.c.e.GlobalExceptionHandler         : Route already accepted: Route route_101 has already been accepted by another driver
]]></system-out>
  </testcase>
  <testcase name="testOptimizeRouteApi_PythonDown" classname="com.krishimarg.backend.LogisticsAndDriverControllerTest" time="0.026">
    <system-out><![CDATA[2026-08-29T15:17:57.941+05:30  INFO 9564 --- [krishimarg-backend] [           main] o.s.mock.web.MockServletContext          : Initializing Spring TestDispatcherServlet ''
2026-08-29T15:17:57.942+05:30  INFO 9564 --- [krishimarg-backend] [           main] o.s.t.web.servlet.TestDispatcherServlet  : Initializing Servlet ''
2026-08-29T15:17:57.942+05:30  INFO 9564 --- [krishimarg-backend] [           main] o.s.t.web.servlet.TestDispatcherServlet  : Completed initialization in 0 ms
2026-08-29T15:17:57.945+05:30  INFO 9564 --- [krishimarg-backend] [           main] c.k.b.l.controllers.LogisticsController  : Received request to optimize pending routes
2026-08-29T15:17:57.947+05:30 ERROR 9564 --- [krishimarg-backend] [           main] c.k.b.c.e.GlobalExceptionHandler         : Route optimizer unavailable: Route optimization service is unavailable
]]></system-out>
  </testcase>
  <testcase name="testOptimizeRouteApi_Success" classname="com.krishimarg.backend.LogisticsAndDriverControllerTest" time="0.045">
    <system-out><![CDATA[2026-08-29T15:17:57.966+05:30  INFO 9564 --- [krishimarg-backend] [           main] o.s.mock.web.MockServletContext          : Initializing Spring TestDispatcherServlet ''
2026-08-29T15:17:57.966+05:30  INFO 9564 --- [krishimarg-backend] [           main] o.s.t.web.servlet.TestDispatcherServlet  : Initializing Servlet ''
2026-08-29T15:17:57.967+05:30  INFO 9564 --- [krishimarg-backend] [           main] o.s.t.web.servlet.TestDispatcherServlet  : Completed initialization in 0 ms
2026-08-29T15:17:57.970+05:30  INFO 9564 --- [krishimarg-backend] [           main] c.k.b.l.controllers.LogisticsController  : Received request to optimize pending routes
]]></system-out>
  </testcase>
  <testcase name="testCompleteRouteApi_InvalidState" classname="com.krishimarg.backend.LogisticsAndDriverControllerTest" time="0.03">
    <system-out><![CDATA[2026-08-29T15:17:58.013+05:30  INFO 9564 --- [krishimarg-backend] [           main] o.s.mock.web.MockServletContext          : Initializing Spring TestDispatcherServlet ''
2026-08-29T15:17:58.013+05:30  INFO 9564 --- [krishimarg-backend] [           main] o.s.t.web.servlet.TestDispatcherServlet  : Initializing Servlet ''
2026-08-29T15:17:58.014+05:30  INFO 9564 --- [krishimarg-backend] [           main] o.s.t.web.servlet.TestDispatcherServlet  : Completed initialization in 0 ms
2026-08-29T15:17:58.021+05:30  INFO 9564 --- [krishimarg-backend] [           main] c.k.b.l.controllers.DriverController     : Attempting to complete route route_101 by driver d_801
2026-08-29T15:17:58.025+05:30  WARN 9564 --- [krishimarg-backend] [           main] c.k.b.c.e.GlobalExceptionHandler         : Invalid route state: Route route_101 cannot be completed because its current status is PENDING_DRIVER
]]></system-out>
  </testcase>
  <testcase name="testCompleteRouteApi_Unauthorized" classname="com.krishimarg.backend.LogisticsAndDriverControllerTest" time="0.027">
    <system-out><![CDATA[2026-08-29T15:17:58.045+05:30  INFO 9564 --- [krishimarg-backend] [           main] o.s.mock.web.MockServletContext          : Initializing Spring TestDispatcherServlet ''
2026-08-29T15:17:58.046+05:30  INFO 9564 --- [krishimarg-backend] [           main] o.s.t.web.servlet.TestDispatcherServlet  : Initializing Servlet ''
2026-08-29T15:17:58.046+05:30  INFO 9564 --- [krishimarg-backend] [           main] o.s.t.web.servlet.TestDispatcherServlet  : Completed initialization in 0 ms
2026-08-29T15:17:58.052+05:30  INFO 9564 --- [krishimarg-backend] [           main] c.k.b.l.controllers.DriverController     : Attempting to complete route route_101 by driver d_999
2026-08-29T15:17:58.055+05:30  WARN 9564 --- [krishimarg-backend] [           main] c.k.b.c.e.GlobalExceptionHandler         : Unauthorized driver: Driver d_999 is not authorized to complete route route_101
]]></system-out>
  </testcase>
  <testcase name="testGetDriverRoutesApi_Success" classname="com.krishimarg.backend.LogisticsAndDriverControllerTest" time="0.049">
    <system-out><![CDATA[2026-08-29T15:17:58.075+05:30  INFO 9564 --- [krishimarg-backend] [           main] o.s.mock.web.MockServletContext          : Initializing Spring TestDispatcherServlet ''
2026-08-29T15:17:58.076+05:30  INFO 9564 --- [krishimarg-backend] [           main] o.s.t.web.servlet.TestDispatcherServlet  : Initializing Servlet ''
2026-08-29T15:17:58.077+05:30  INFO 9564 --- [krishimarg-backend] [           main] o.s.t.web.servlet.TestDispatcherServlet  : Completed initialization in 1 ms
2026-08-29T15:17:58.089+05:30  INFO 9564 --- [krishimarg-backend] [           main] c.k.b.l.controllers.DriverController     : Driver fetching available routes (lat=18.4, lng=73.9, driver_id=null)
]]></system-out>
  </testcase>
</testsuite>