<?xml version="1.0" encoding="UTF-8"?>
<testsuite xmlns:xsi="http://www.w3.org/2001/XMLSchema-instance" xsi:noNamespaceSchemaLocation="https://maven.apache.org/surefire/maven-surefire-plugin/xsd/surefire-test-report.xsd" version="3.0.2" name="com.krishimarg.backend.LogisticsAndDriverControllerTest" time="0.705" tests="9" errors="0" skipped="0" failures="0" flakes="0">
  <properties>
[...]
</properties>
  <testcase name="testRouteNotFound" classname="com.krishimarg.backend.LogisticsAndDriverControllerTest" time="0.444">
    <system-out><![CDATA[2026-08-29T00:04:06.845+05:30  INFO 28328 --- [krishimarg-backend] [           main] o.s.mock.web.MockServletContext          : Initializing Spring TestDispatcherServlet ''
2026-08-29T00:04:06.845+05:30  INFO 28328 --- [krishimarg-backend] [           main] o.s.t.web.servlet.TestDispatcherServlet  : Initializing Servlet ''
2026-08-29T00:04:06.847+05:30  INFO 28328 --- [krishimarg-backend] [           main] o.s.t.web.servlet.TestDispatcherServlet  : Completed initialization in 1 ms
2026-08-29T00:04:06.993+05:30  INFO 28328 --- [krishimarg-backend] [           main] c.k.b.controllers.DriverController       : Driver d_801 attempting to accept route missing_route
2026-08-29T00:04:07.000+05:30  WARN 28328 --- [krishimarg-backend] [           main] c.k.b.exceptions.GlobalExceptionHandler  : Route not found: Route not found with ID: missing_route
]]></system-out>
  </testcase>
  <testcase name="testAcceptRouteApi_Success" classname="com.krishimarg.backend.LogisticsAndDriverControllerTest" time="0.111">
    <system-out><![CDATA[2026-08-29T00:04:07.104+05:30  INFO 28328 --- [krishimarg-backend] [           main] o.s.mock.web.MockServletContext          : Initializing Spring TestDispatcherServlet ''
2026-08-29T00:04:07.105+05:30  INFO 28328 --- [krishimarg-backend] [           main] o.s.t.web.servlet.TestDispatcherServlet  : Initializing Servlet ''
2026-08-29T00:04:07.105+05:30  INFO 28328 --- [krishimarg-backend] [           main] o.s.t.web.servlet.TestDispatcherServlet  : Completed initialization in 0 ms
2026-08-29T00:04:07.190+05:30  INFO 28328 --- [krishimarg-backend] [           main] c.k.b.controllers.DriverController       : Driver d_801 attempting to accept route route_101
]]></system-out>
  </testcase>
  <testcase name="testCompleteRouteApi_Success" classname="com.krishimarg.backend.LogisticsAndDriverControllerTest" time="0.023">
    <system-out><![CDATA[2026-08-29T00:04:07.216+05:30  INFO 28328 --- [krishimarg-backend] [           main] o.s.mock.web.MockServletContext          : Initializing Spring TestDispatcherServlet ''
2026-08-29T00:04:07.216+05:30  INFO 28328 --- [krishimarg-backend] [           main] o.s.t.web.servlet.TestDispatcherServlet  : Initializing Servlet ''
2026-08-29T00:04:07.216+05:30  INFO 28328 --- [krishimarg-backend] [           main] o.s.t.web.servlet.TestDispatcherServlet  : Completed initialization in 0 ms
2026-08-29T00:04:07.225+05:30  INFO 28328 --- [krishimarg-backend] [           main] c.k.b.controllers.DriverController       : Attempting to complete route route_101 by driver d_801
]]></system-out>
  </testcase>
  <testcase name="testAcceptRouteApi_Conflict" classname="com.krishimarg.backend.LogisticsAndDriverControllerTest" time="0.019">
    <system-out><![CDATA[2026-08-29T00:04:07.241+05:30  INFO 28328 --- [krishimarg-backend] [           main] o.s.mock.web.MockServletContext          : Initializing Spring TestDispatcherServlet ''
2026-08-29T00:04:07.241+05:30  INFO 28328 --- [krishimarg-backend] [           main] o.s.t.web.servlet.TestDispatcherServlet  : Initializing Servlet ''
2026-08-29T00:04:07.241+05:30  INFO 28328 --- [krishimarg-backend] [           main] o.s.t.web.servlet.TestDispatcherServlet  : Completed initialization in 0 ms
2026-08-29T00:04:07.246+05:30  INFO 28328 --- [krishimarg-backend] [           main] c.k.b.controllers.DriverController       : Driver d_902 attempting to accept route route_101
2026-08-29T00:04:07.248+05:30  WARN 28328 --- [krishimarg-backend] [           main] c.k.b.exceptions.GlobalExceptionHandler  : Route already accepted: Route route_101 has already been accepted by another driver
]]></system-out>
  </testcase>
  <testcase name="testOptimizeRouteApi_PythonDown" classname="com.krishimarg.backend.LogisticsAndDriverControllerTest" time="0.017">
    <system-out><![CDATA[2026-08-29T00:04:07.263+05:30  INFO 28328 --- [krishimarg-backend] [           main] o.s.mock.web.MockServletContext          : Initializing Spring TestDispatcherServlet ''
2026-08-29T00:04:07.263+05:30  INFO 28328 --- [krishimarg-backend] [           main] o.s.t.web.servlet.TestDispatcherServlet  : Initializing Servlet ''
2026-08-29T00:04:07.264+05:30  INFO 28328 --- [krishimarg-backend] [           main] o.s.t.web.servlet.TestDispatcherServlet  : Completed initialization in 1 ms
2026-08-29T00:04:07.265+05:30  INFO 28328 --- [krishimarg-backend] [           main] c.k.b.controllers.LogisticsController    : Received request to optimize pending routes
2026-08-29T00:04:07.266+05:30 ERROR 28328 --- [krishimarg-backend] [           main] c.k.b.exceptions.GlobalExceptionHandler  : Route optimizer unavailable: Route optimization service is unavailable
]]></system-out>
  </testcase>
  <testcase name="testOptimizeRouteApi_Success" classname="com.krishimarg.backend.LogisticsAndDriverControllerTest" time="0.03">
    <system-out><![CDATA[2026-08-29T00:04:07.279+05:30  INFO 28328 --- [krishimarg-backend] [           main] o.s.mock.web.MockServletContext          : Initializing Spring TestDispatcherServlet ''
2026-08-29T00:04:07.280+05:30  INFO 28328 --- [krishimarg-backend] [           main] o.s.t.web.servlet.TestDispatcherServlet  : Initializing Servlet ''
2026-08-29T00:04:07.280+05:30  INFO 28328 --- [krishimarg-backend] [           main] o.s.t.web.servlet.TestDispatcherServlet  : Completed initialization in 0 ms
2026-08-29T00:04:07.282+05:30  INFO 28328 --- [krishimarg-backend] [           main] c.k.b.controllers.LogisticsController    : Received request to optimize pending routes
]]></system-out>
  </testcase>
  <testcase name="testCompleteRouteApi_InvalidState" classname="com.krishimarg.backend.LogisticsAndDriverControllerTest" time="0.013">
    <system-out><![CDATA[2026-08-29T00:04:07.307+05:30  INFO 28328 --- [krishimarg-backend] [           main] o.s.mock.web.MockServletContext          : Initializing Spring TestDispatcherServlet ''
2026-08-29T00:04:07.308+05:30  INFO 28328 --- [krishimarg-backend] [           main] o.s.t.web.servlet.TestDispatcherServlet  : Initializing Servlet ''
2026-08-29T00:04:07.308+05:30  INFO 28328 --- [krishimarg-backend] [           main] o.s.t.web.servlet.TestDispatcherServlet  : Completed initialization in 0 ms
2026-08-29T00:04:07.311+05:30  INFO 28328 --- [krishimarg-backend] [           main] c.k.b.controllers.DriverController       : Attempting to complete route route_101 by driver d_801
2026-08-29T00:04:07.312+05:30  WARN 28328 --- [krishimarg-backend] [           main] c.k.b.exceptions.GlobalExceptionHandler  : Invalid route state: Route route_101 cannot be completed because its current status is PENDING_DRIVER
]]></system-out>
  </testcase>
  <testcase name="testCompleteRouteApi_Unauthorized" classname="com.krishimarg.backend.LogisticsAndDriverControllerTest" time="0.013">
    <system-out><![CDATA[2026-08-29T00:04:07.321+05:30  INFO 28328 --- [krishimarg-backend] [           main] o.s.mock.web.MockServletContext          : Initializing Spring TestDispatcherServlet ''
2026-08-29T00:04:07.321+05:30  INFO 28328 --- [krishimarg-backend] [           main] o.s.t.web.servlet.TestDispatcherServlet  : Initializing Servlet ''
2026-08-29T00:04:07.321+05:30  INFO 28328 --- [krishimarg-backend] [           main] o.s.t.web.servlet.TestDispatcherServlet  : Completed initialization in 0 ms
2026-08-29T00:04:07.324+05:30  INFO 28328 --- [krishimarg-backend] [           main] c.k.b.controllers.DriverController       : Attempting to complete route route_101 by driver d_999
2026-08-29T00:04:07.325+05:30  WARN 28328 --- [krishimarg-backend] [           main] c.k.b.exceptions.GlobalExceptionHandler  : Unauthorized driver: Driver d_999 is not authorized to complete route route_101
]]></system-out>
  </testcase>
  <testcase name="testGetDriverRoutesApi_Success" classname="com.krishimarg.backend.LogisticsAndDriverControllerTest" time="0.021">
    <system-out><![CDATA[2026-08-29T00:04:07.333+05:30  INFO 28328 --- [krishimarg-backend] [           main] o.s.mock.web.MockServletContext          : Initializing Spring TestDispatcherServlet ''
2026-08-29T00:04:07.334+05:30  INFO 28328 --- [krishimarg-backend] [           main] o.s.t.web.servlet.TestDispatcherServlet  : Initializing Servlet ''
2026-08-29T00:04:07.334+05:30  INFO 28328 --- [krishimarg-backend] [           main] o.s.t.web.servlet.TestDispatcherServlet  : Completed initialization in 0 ms
2026-08-29T00:04:07.338+05:30  INFO 28328 --- [krishimarg-backend] [           main] c.k.b.controllers.DriverController       : Driver fetching available routes (lat=18.4, lng=73.9, driver_id=null)
]]></system-out>
  </testcase>
</testsuite>