<?xml version="1.0" encoding="UTF-8"?>
<testsuite xmlns:xsi="http://www.w3.org/2001/XMLSchema-instance" xsi:noNamespaceSchemaLocation="https://maven.apache.org/surefire/maven-surefire-plugin/xsd/surefire-test-report.xsd" version="3.0.2" name="com.krishimarg.backend.BackendApplicationTests" time="8.239" tests="1" errors="0" skipped="0" failures="0" flakes="0">
  <properties>
[...]
</properties>
  <testcase name="contextLoads" classname="com.krishimarg.backend.BackendApplicationTests" time="0.489">
    <system-out><![CDATA[15:30:15.909 [main] INFO org.springframework.test.context.support.AnnotationConfigContextLoaderUtils -- Could not detect default configuration classes for test class [com.krishimarg.backend.BackendApplicationTests]: BackendApplicationTests does not declare any static, non-private, non-final, nested classes annotated with @Configuration.
15:30:16.127 [main] INFO org.springframework.boot.test.context.SpringBootTestContextBootstrapper -- Found @SpringBootConfiguration com.krishimarg.backend.BackendApplication for test class com.krishimarg.backend.BackendApplicationTests
15:30:16.237 [main] INFO org.springframework.test.context.support.AnnotationConfigContextLoaderUtils -- Could not detect default configuration classes for test class [com.krishimarg.backend.BackendApplicationTests]: BackendApplicationTests does not declare any static, non-private, non-final, nested classes annotated with @Configuration.
15:30:16.240 [main] INFO org.springframework.boot.test.context.SpringBootTestContextBootstrapper -- Found @SpringBootConfiguration com.krishimarg.backend.BackendApplication for test class com.krishimarg.backend.BackendApplicationTests

  .   ____          _            __ _ _
 /\\ / ___'_ __ _ _(_)_ __  __ _ \ \ \ \
( ( )\___ | '_ | '_| | '_ \/ _` | \ \ \ \
 \\/  ___)| |_)| | | | | || (_| |  ) ) ) )
  '  |____| .__|_| |_|_| |_\__, | / / / /
 =========|_|==============|___/=/_/_/_/

 :: Spring Boot ::                (v4.1.1)

2026-08-29T15:30:16.689+05:30  INFO 17188 --- [krishimarg-backend] [           main] c.k.backend.BackendApplicationTests      : Starting BackendApplicationTests using Java 25.0.3 with PID 17188 (started by dell in C:\Atharv Kulkarni\Web Development\Projects\KrishiMarg\backend)
2026-08-29T15:30:16.691+05:30 DEBUG 17188 --- [krishimarg-backend] [           main] c.k.backend.BackendApplicationTests      : Running with Spring Boot v4.1.1, Spring v7.0.9
2026-08-29T15:30:16.693+05:30  INFO 17188 --- [krishimarg-backend] [           main] c.k.backend.BackendApplicationTests      : The following 1 profile is active: "test"
2026-08-29T15:30:17.645+05:30  INFO 17188 --- [krishimarg-backend] [           main] .s.d.r.c.RepositoryConfigurationDelegate : Bootstrapping Spring Data JPA repositories in DEFAULT mode.
2026-08-29T15:30:17.768+05:30  INFO 17188 --- [krishimarg-backend] [           main] .s.d.r.c.RepositoryConfigurationDelegate : Finished Spring Data repository scanning in 109 ms. Found 4 JPA repository interfaces.
2026-08-29T15:30:18.522+05:30  INFO 17188 --- [krishimarg-backend] [           main] org.hibernate.orm.jpa                    : HHH008540: Processing PersistenceUnitInfo [name: default]
2026-08-29T15:30:18.588+05:30  INFO 17188 --- [krishimarg-backend] [           main] org.hibernate.orm.core                   : HHH000001: Hibernate ORM core version 7.4.5.Final
2026-08-29T15:30:18.609+05:30  INFO 17188 --- [krishimarg-backend] [           main] o.h.spatial.integration.SpatialService   : HHH80000001: Hibernate Spatial integration enabled: true
2026-08-29T15:30:19.128+05:30  INFO 17188 --- [krishimarg-backend] [           main] com.zaxxer.hikari.HikariDataSource       : HikariPool-1 - Starting...
2026-08-29T15:30:19.409+05:30  INFO 17188 --- [krishimarg-backend] [           main] com.zaxxer.hikari.pool.HikariPool        : HikariPool-1 - Added connection conn0: url=jdbc:h2:mem:krishimargtest user=SA
2026-08-29T15:30:19.411+05:30  INFO 17188 --- [krishimarg-backend] [           main] com.zaxxer.hikari.HikariDataSource       : HikariPool-1 - Start completed.
2026-08-29T15:30:19.504+05:30  INFO 17188 --- [krishimarg-backend] [           main] org.hibernate.orm.connections.pooling    : HHH10001005: Database info:
	Database JDBC URL [jdbc:h2:mem:krishimargtest]
	Database driver: H2 JDBC Driver
	Database dialect: H2Dialect
	Database version: 2.4.240
	Default catalog/schema: KRISHIMARGTEST/PUBLIC
	Autocommit mode: undefined/unknown
	Isolation level: READ_COMMITTED [default READ_COMMITTED]
	JDBC fetch size: 100
	Pool: DataSourceConnectionProvider
	Minimum pool size: undefined/unknown
	Maximum pool size: undefined/unknown
2026-08-29T15:30:19.933+05:30  INFO 17188 --- [krishimarg-backend] [           main] o.s.o.j.p.SpringPersistenceUnitInfo      : No LoadTimeWeaver setup: ignoring JPA class transformer
2026-08-29T15:30:21.131+05:30  INFO 17188 --- [krishimarg-backend] [           main] org.hibernate.orm.core                   : HHH000489: No JTA platform available (set 'hibernate.transaction.jta.platform' to enable JTA platform integration)
Hibernate: 
    create table delivery_routes (
        route_id varchar(50) not null,
        completed_at timestamp(6),
        created_at timestamp(6),
        driver_id varchar(50),
        dropoff_count integer,
        estimated_payout numeric(10,2),
        ordered_stops TEXT,
        pickup_count integer,
        route_coordinates TEXT not null,
        status varchar(30),
        total_distance_km float(53),
        primary key (route_id)
    )
Hibernate: 
    create table orders (
        order_id varchar(50) not null,
        buyer_id varchar(50) not null,
        created_at timestamp(6),
        dropoff_latitude float(53),
        dropoff_longitude float(53),
        lot_ids TEXT,
        route_id varchar(50),
        status varchar(30),
        total_amount numeric(10,2),
        primary key (order_id)
    )
Hibernate: 
    create table produce_lots (
        lot_id varchar(50) not null,
        created_at timestamp(6),
        crop_name varchar(100) not null,
        farmer_id varchar(50) not null,
        location geometry(Point,4326),
        price_per_kg numeric(10,2),
        quantity_kg float(53),
        status varchar(30),
        primary key (lot_id)
    )
Hibernate: 
    create table users (
        user_id varchar(50) not null,
        default_lat float(53),
        default_lng float(53),
        full_name varchar(100) not null,
        role varchar(20) not null,
        primary key (user_id)
    )
2026-08-29T15:30:21.227+05:30  INFO 17188 --- [krishimarg-backend] [           main] j.LocalContainerEntityManagerFactoryBean : Initialized JPA EntityManagerFactory for persistence unit 'default'
2026-08-29T15:30:21.375+05:30  INFO 17188 --- [krishimarg-backend] [           main] o.s.d.j.r.query.QueryEnhancerFactories   : Hibernate is in classpath; If applicable, HQL parser will be used.
2026-08-29T15:30:22.694+05:30  INFO 17188 --- [krishimarg-backend] [           main] c.k.backend.BackendApplicationTests      : Started BackendApplicationTests in 6.355 seconds (process running for 8.18)
Hibernate: 
    select
        count(*) 
    from
        users u1_0
2026-08-29T15:30:23.167+05:30  INFO 17188 --- [krishimarg-backend] [           main] c.k.b.common.config.DataInitializer      : Seeding initial users from API contract...
Hibernate: 
    select
        u1_0.user_id,
        u1_0.default_lat,
        u1_0.default_lng,
        u1_0.full_name,
        u1_0.role 
    from
        users u1_0 
    where
        u1_0.user_id=?
Hibernate: 
    select
        u1_0.user_id,
        u1_0.default_lat,
        u1_0.default_lng,
        u1_0.full_name,
        u1_0.role 
    from
        users u1_0 
    where
        u1_0.user_id=?
Hibernate: 
    select
        u1_0.user_id,
        u1_0.default_lat,
        u1_0.default_lng,
        u1_0.full_name,
        u1_0.role 
    from
        users u1_0 
    where
        u1_0.user_id=?
Hibernate: 
    select
        u1_0.user_id,
        u1_0.default_lat,
        u1_0.default_lng,
        u1_0.full_name,
        u1_0.role 
    from
        users u1_0 
    where
        u1_0.user_id=?
Hibernate: 
    insert 
    into
        users
        (default_lat, default_lng, full_name, role, user_id) 
    values
        (?, ?, ?, ?, ?)
Hibernate: 
    insert 
    into
        users
        (default_lat, default_lng, full_name, role, user_id) 
    values
        (?, ?, ?, ?, ?)
Hibernate: 
    insert 
    into
        users
        (default_lat, default_lng, full_name, role, user_id) 
    values
        (?, ?, ?, ?, ?)
Hibernate: 
    insert 
    into
        users
        (default_lat, default_lng, full_name, role, user_id) 
    values
        (?, ?, ?, ?, ?)
2026-08-29T15:30:23.290+05:30  INFO 17188 --- [krishimarg-backend] [           main] c.k.b.common.config.DataInitializer      : Seeded 4 users.
Hibernate: 
    select
        count(*) 
    from
        orders o1_0
2026-08-29T15:30:23.297+05:30  INFO 17188 --- [krishimarg-backend] [           main] c.k.b.common.config.DataInitializer      : Seeding initial PENDING_ROUTE orders from API contract...
Hibernate: 
    select
        o1_0.order_id,
        o1_0.buyer_id,
        o1_0.created_at,
        o1_0.dropoff_latitude,
        o1_0.dropoff_longitude,
        o1_0.lot_ids,
        o1_0.route_id,
        o1_0.status,
        o1_0.total_amount 
    from
        orders o1_0 
    where
        o1_0.order_id=?
Hibernate: 
    select
        o1_0.order_id,
        o1_0.buyer_id,
        o1_0.created_at,
        o1_0.dropoff_latitude,
        o1_0.dropoff_longitude,
        o1_0.lot_ids,
        o1_0.route_id,
        o1_0.status,
        o1_0.total_amount 
    from
        orders o1_0 
    where
        o1_0.order_id=?
Hibernate: 
    insert 
    into
        orders
        (buyer_id, created_at, dropoff_latitude, dropoff_longitude, lot_ids, route_id, status, total_amount, order_id) 
    values
        (?, ?, ?, ?, ?, ?, ?, ?, ?)
Hibernate: 
    insert 
    into
        orders
        (buyer_id, created_at, dropoff_latitude, dropoff_longitude, lot_ids, route_id, status, total_amount, order_id) 
    values
        (?, ?, ?, ?, ?, ?, ?, ?, ?)
2026-08-29T15:30:23.313+05:30  INFO 17188 --- [krishimarg-backend] [           main] c.k.b.common.config.DataInitializer      : Seeded 2 PENDING_ROUTE orders: ord_7701, ord_7702
]]></system-out>
    <system-err><![CDATA[Mockito is currently self-attaching to enable the inline-mock-maker. This will no longer work in future releases of the JDK. Please add Mockito as an agent to your build as described in Mockito's documentation: https://javadoc.io/doc/org.mockito/mockito-core/latest/org.mockito/org/mockito/Mockito.html#0.3
WARNING: A Java agent has been loaded dynamically (C:\Users\dell\.m2\repository\net\bytebuddy\byte-buddy-agent\1.18.11\byte-buddy-agent-1.18.11.jar)
WARNING: If a serviceability tool is in use, please run with -XX:+EnableDynamicAgentLoading to hide this warning
WARNING: If a serviceability tool is not in use, please run with -Djdk.instrument.traceUsage for more information
WARNING: Dynamic loading of agents will be disallowed by default in a future release
]]></system-err>
  </testcase>
</testsuite>